<?xml version="1.0" encoding="UTF-8"?>
<!-- Generated by org.testng.reporters.JUnitReportReporter -->
<testsuite hostname="ayushi" failures="0" tests="6" name="com.fooddel.Services.MenuProviderServiceTest" time="1.926" errors="0" timestamp="2021-11-26T03:31:56 IST" skipped="0">
  <testcase classname="com.fooddel.Services.MenuProviderServiceTest" name="test_path1234536" time="0.311"/>
  <system-out/>
  <testcase classname="com.fooddel.Services.MenuProviderServiceTest" name="test_path123436" time="0.316"/>
  <system-out/>
  <testcase classname="com.fooddel.Services.MenuProviderServiceTest" name="test_path123453436" time="0.329"/>
  <system-out/>
  <testcase classname="com.fooddel.Services.MenuProviderServiceTest" name="test_path12343436" time="0.324"/>
  <system-out/>
  <testcase classname="com.fooddel.Services.MenuProviderServiceTest" name="test_path1234534536" time="0.327"/>
  <system-out/>
  <testcase classname="com.fooddel.Services.MenuProviderServiceTest" name="test_path1236" time="0.319"/>
  <system-out/>
</testsuite> <!-- com.fooddel.Services.MenuProviderServiceTest -->
