<?xml version="1.0" encoding="UTF-8"?>
<!-- Generated by org.testng.reporters.JUnitReportReporter -->
<testsuite hostname="ayushi" failures="0" tests="1" name="com.fooddel.Services.CustomerServiceTest" time="0.084" errors="0" timestamp="2021-11-26T03:31:56 IST" skipped="0">
  <testcase classname="com.fooddel.Services.CustomerServiceTest" name="testGetCustomer" time="0.084"/>
  <system-out/>
</testsuite> <!-- com.fooddel.Services.CustomerServiceTest -->
