<?xml version="1.0" encoding="UTF-8"?>
<!-- Generated by org.testng.reporters.JUnitReportReporter -->
<testsuite hostname="ayushi" failures="0" tests="1" name="com.fooddel.Services.FoodProviderServiceTest" time="0.591" errors="0" timestamp="2021-11-26T03:25:46 IST" skipped="0">
  <testcase classname="com.fooddel.Services.FoodProviderServiceTest" name="test_path1" time="0.591"/>
  <system-out/>
</testsuite> <!-- com.fooddel.Services.FoodProviderServiceTest -->
